{"C:\\XFTI Frontend Developer\\src\\helpers\\helpers.ts": {"path":"C:\\XFTI Frontend Developer\\src\\helpers\\helpers.ts","statementMap":{"0":{"start":{"line":4,"column":16},"end":{"line":8,"column":2}},"1":{"start":{"line":4,"column":38},"end":{"line":8,"column":2}},"2":{"start":{"line":5,"column":19},"end":{"line":5,"column":35}},"3":{"start":{"line":6,"column":19},"end":{"line":6,"column":40}},"4":{"start":{"line":7,"column":4},"end":{"line":7,"column":20}},"5":{"start":{"line":30,"column":9},"end":{"line":30,"column":16}},"6":{"start":{"line":11,"column":26},"end":{"line":18,"column":1}},"7":{"start":{"line":12,"column":48},"end":{"line":12,"column":50}},"8":{"start":{"line":13,"column":4},"end":{"line":15,"column":null}},"9":{"start":{"line":13,"column":25},"end":{"line":13,"column":26}},"10":{"start":{"line":14,"column":8},"end":{"line":14,"column":53}},"11":{"start":{"line":17,"column":4},"end":{"line":17,"column":25}},"12":{"start":{"line":30,"column":18},"end":{"line":30,"column":35}},"13":{"start":{"line":21,"column":30},"end":{"line":28,"column":1}},"14":{"start":{"line":22,"column":36},"end":{"line":22,"column":38}},"15":{"start":{"line":23,"column":4},"end":{"line":26,"column":null}},"16":{"start":{"line":23,"column":17},"end":{"line":23,"column":18}},"17":{"start":{"line":24,"column":46},"end":{"line":24,"column":73}},"18":{"start":{"line":25,"column":8},"end":{"line":25,"column":29}},"19":{"start":{"line":27,"column":4},"end":{"line":27,"column":20}},"20":{"start":{"line":30,"column":37},"end":{"line":30,"column":58}}},"fnMap":{"0":{"name":"(anonymous_7)","decl":{"start":{"line":4,"column":16},"end":{"line":4,"column":23}},"loc":{"start":{"line":4,"column":38},"end":{"line":8,"column":2}}},"1":{"name":"(anonymous_8)","decl":{"start":{"line":4,"column":38},"end":{"line":4,"column":null}},"loc":{"start":{"line":4,"column":38},"end":{"line":8,"column":1}}},"2":{"name":"(anonymous_9)","decl":{"start":{"line":11,"column":26},"end":{"line":11,"column":27}},"loc":{"start":{"line":11,"column":49},"end":{"line":18,"column":1}}},"3":{"name":"(anonymous_10)","decl":{"start":{"line":21,"column":30},"end":{"line":21,"column":31}},"loc":{"start":{"line":21,"column":81},"end":{"line":28,"column":1}}}},"branchMap":{},"s":{"0":1,"1":0,"2":0,"3":0,"4":0,"5":1,"6":1,"7":1,"8":1,"9":1,"10":2,"11":1,"12":1,"13":1,"14":2,"15":2,"16":2,"17":4,"18":4,"19":2,"20":1},"f":{"0":0,"1":0,"2":1,"3":2},"b":{}}
}
